New log file opened at Sat Aug 01 23:31:36 CDT 2015 by 5980@Kody-PC
Sending msg to client activator-b55e1476-b6b8-4d63-85ed-42162a83ab80: DetachedLogEvent(LogMessage(debug,sbt server socket logs are in: C:\Users\Kody\Documents\PlayFW\keemory\.sbtserver\connections\master.log))
Sending msg to client activator-b55e1476-b6b8-4d63-85ed-42162a83ab80: DetachedLogEvent(LogMessage(debug,sbt general server logs are in: C:\Users\Kody\Documents\PlayFW\keemory\.sbtserver\master.log))
Sending msg to client activator-b55e1476-b6b8-4d63-85ed-42162a83ab80: DetachedLogEvent(LogMessage(debug,sbt client logs are in: C:\Users\Kody\Documents\PlayFW\keemory\.sbtserver\connections\activator-b55e1476-b6b8-4d63-85ed-42162a83ab80.log))
Reading next message from client.
Got request: ListenToEvents()
Reading next message from client.
Got request: ListenToBuildChange()
Reading next message from client.
Got request: SendSyntheticBuildChanged()
Reading next message from client.
Got request: KeyLookupRequest(discoveredMainClasses)
Reading next message from client.
Got request: KeyLookupRequest(mainClass)
Reading next message from client.
Got request: KillServerRequest()
Reading next message from client.
Got request: KillServerRequest()
Reading next message from client.
Got request: ExecutionRequest(compile)
Reading next message from client.
